<?xml version="1.0" encoding="UTF-8"?>
<testng-results ignored="0" total="1" passed="1" failed="0" skipped="0">
  <reporter-output>
    <line>
      <![CDATA[Newsletter subscription validated successfully]]>
    </line>
    <line>
      <![CDATA[CLOSED THE WEB BROWSER]]>
    </line>
  </reporter-output>
  <suite started-at="2026-01-04T15:18:51 IST" name="Default suite" finished-at="2026-01-04T15:19:02 IST" duration-ms="11848">
    <groups>
    </groups>
    <test started-at="2026-01-04T15:18:51 IST" name="Default test" finished-at="2026-01-04T15:19:02 IST" duration-ms="11848">
      <class name="Automation_Project.TC_21">
        <test-method is-config="true" signature="launchBrowser()[pri:0, instance:Automation_Project.TC_21@4b013c76]" started-at="2026-01-04T15:18:51 IST" name="launchBrowser" finished-at="2026-01-04T15:18:59 IST" duration-ms="8561" status="PASS">
          <reporter-output>
          </reporter-output>
        </test-method> <!-- launchBrowser -->
        <test-method is-config="true" signature="login()[pri:0, instance:Automation_Project.TC_21@4b013c76]" started-at="2026-01-04T15:18:59 IST" name="login" finished-at="2026-01-04T15:19:01 IST" duration-ms="1219" status="PASS">
          <reporter-output>
          </reporter-output>
        </test-method> <!-- login -->
        <test-method signature="TestCase_21()[pri:0, instance:Automation_Project.TC_21@4b013c76]" started-at="2026-01-04T15:19:01 IST" name="TestCase_21" finished-at="2026-01-04T15:19:02 IST" duration-ms="1699" status="PASS">
          <reporter-output>
            <line>
              <![CDATA[Newsletter subscription validated successfully]]>
            </line>
          </reporter-output>
        </test-method> <!-- TestCase_21 -->
        <test-method is-config="true" signature="CloseBrowser()[pri:0, instance:Automation_Project.TC_21@4b013c76]" started-at="2026-01-04T15:19:02 IST" name="CloseBrowser" finished-at="2026-01-04T15:19:02 IST" duration-ms="240" status="PASS">
          <reporter-output>
            <line>
              <![CDATA[CLOSED THE WEB BROWSER]]>
            </line>
          </reporter-output>
        </test-method> <!-- CloseBrowser -->
      </class> <!-- Automation_Project.TC_21 -->
    </test> <!-- Default test -->
  </suite> <!-- Default suite -->
</testng-results>
