<?xml version="1.0" encoding="UTF-8"?>
<!-- Generated by org.testng.reporters.JUnitReportReporter -->
<testsuite hostname="DESKTOP-DTAKM6A" failures="0" tests="1" name="Automation_Project.TC_21" time="2.918" errors="0" timestamp="2026-01-04T15:19:03 IST" skipped="0">
  <testcase classname="Automation_Project.TC_21" name="TestCase_21" time="2.918">
    <system-out>
      <![CDATA[Newsletter subscription validated successfully]]>
    </system-out>
  </testcase> <!-- TestCase_21 -->
  <system-out>
    <![CDATA[Newsletter subscription validated successfully
CLOSED THE WEB BROWSER]]>
  </system-out>
</testsuite> <!-- Automation_Project.TC_21 -->
